<?xml version="1.0" encoding="UTF-8"?>
<!-- Generated by org.testng.reporters.JUnitReportReporter -->
<testsuite hostname="DESKTOP-QBUNN85" failures="0" tests="1" name="com.learnAutomation.testcases.TestCaseWithoutFramework" time="7.270" errors="0" timestamp="2025-02-24T12:09:52 IST" skipped="0">
  <testcase classname="com.learnAutomation.testcases.TestCaseWithoutFramework" name="test1" time="7.270"/>
</testsuite> <!-- com.learnAutomation.testcases.TestCaseWithoutFramework -->
